# JRE version: OpenJDK Runtime Environment Temurin-21.0.12.1+1 (21.0.12.1+1) (build 21.0.12.1+1-LTS)
# Java VM: OpenJDK 64-Bit Server VM Temurin-21.0.12.1+1 (21.0.12.1+1-LTS, mixed mode, sharing, tiered, compressed oops, compressed class ptrs, parallel gc, windows-amd64)
GC Precious Log:
 CardTable entry size: 512
 CPUs: 8 total, 8 available
 Memory: 16075M
 Large Page Support: Disabled
 NUMA Support: Disabled
 Compressed Oops: Enabled (32-bit)
 Alignments: Space 512K, Generation 512K, Heap 2M
 Heap Min Capacity: 100M
 Heap Initial Capacity: 100M
 Heap Max Capacity: 2G
 Pre-touch: Disabled
 Parallel Workers: 8
Heap:
 PSYoungGen      total 18432K, used 11875K [0x00000000d5580000, 0x00000000d6980000, 0x0000000100000000)
  eden space 16384K, 60% used [0x00000000d5580000,0x00000000d5f2bc88,0x00000000d6580000)
  from space 2048K, 96% used [0x00000000d6780000,0x00000000d696cfe8,0x00000000d6980000)
  to   space 2048K, 0% used [0x00000000d6580000,0x00000000d6580000,0x00000000d6780000)
 ParOldGen       total 68608K, used 49652K [0x0000000080000000, 0x0000000084300000, 0x00000000d5580000)
  object space 68608K, 72% used [0x0000000080000000,0x000000008307d000,0x0000000084300000)
 Metaspace       used 49643K, committed 50816K, reserved 1114112K
  class space    used 4896K, committed 5440K, reserved 1048576K
GC Heap History (20 events):
Event: 108.958 GC heap before
{Heap before GC invocations=28 (full 2):
 PSYoungGen      total 20992K, used 20885K [0x00000000d5580000, 0x00000000d6d00000, 0x0000000100000000)
  eden space 18944K, 100% used [0x00000000d5580000,0x00000000d6800000,0x00000000d6800000)
  from space 2048K, 94% used [0x00000000d6800000,0x00000000d69e5498,0x00000000d6a00000)
  to   space 2560K, 0% used [0x00000000d6a80000,0x00000000d6a80000,0x00000000d6d00000)
 ParOldGen       total 68608K, used 34878K [0x0000000080000000, 0x0000000084300000, 0x00000000d5580000)
  object space 68608K, 50% used [0x0000000080000000,0x000000008220fa70,0x0000000084300000)
 Metaspace       used 45290K, committed 46400K, reserved 1114112K
  class space    used 4480K, committed 4992K, reserved 1048576K
}
Event: 108.960 GC heap after
{Heap after GC invocations=28 (full 2):
 PSYoungGen      total 20480K, used 1248K [0x00000000d5580000, 0x00000000d6c00000, 0x0000000100000000)
  eden space 18944K, 0% used [0x00000000d5580000,0x00000000d5580000,0x00000000d6800000)
  from space 1536K, 81% used [0x00000000d6a80000,0x00000000d6bb8020,0x00000000d6c00000)
  to   space 1536K, 0% used [0x00000000d6900000,0x00000000d6900000,0x00000000d6a80000)
 ParOldGen       total 68608K, used 36494K [0x0000000080000000, 0x0000000084300000, 0x00000000d5580000)
  object space 68608K, 53% used [0x0000000080000000,0x00000000823a3bd8,0x0000000084300000)
 Metaspace       used 45290K, committed 46400K, reserved 1114112K
  class space    used 4480K, committed 4992K, reserved 1048576K
}
Event: 139.662 GC heap before
{Heap before GC invocations=29 (full 2):
 PSYoungGen      total 20480K, used 20192K [0x00000000d5580000, 0x00000000d6c00000, 0x0000000100000000)
  eden space 18944K, 100% used [0x00000000d5580000,0x00000000d6800000,0x00000000d6800000)
  from space 1536K, 81% used [0x00000000d6a80000,0x00000000d6bb8020,0x00000000d6c00000)
  to   space 1536K, 0% used [0x00000000d6900000,0x00000000d6900000,0x00000000d6a80000)
 ParOldGen       total 68608K, used 36494K [0x0000000080000000, 0x0000000084300000, 0x00000000d5580000)
  object space 68608K, 53% used [0x0000000080000000,0x00000000823a3bd8,0x0000000084300000)
 Metaspace       used 46189K, committed 47360K, reserved 1114112K
  class space    used 4582K, committed 5120K, reserved 1048576K
}
Event: 139.676 GC heap after
{Heap after GC invocations=29 (full 2):
 PSYoungGen      total 20480K, used 1240K [0x00000000d5580000, 0x00000000d6b00000, 0x0000000100000000)
  eden space 18944K, 0% used [0x00000000d5580000,0x00000000d5580000,0x00000000d6800000)
  from space 1536K, 80% used [0x00000000d6900000,0x00000000d6a36398,0x00000000d6a80000)
  to   space 512K, 0% used [0x00000000d6a80000,0x00000000d6a80000,0x00000000d6b00000)
 ParOldGen       total 68608K, used 37185K [0x0000000080000000, 0x0000000084300000, 0x00000000d5580000)
  object space 68608K, 54% used [0x0000000080000000,0x00000000824504b0,0x0000000084300000)
 Metaspace       used 46189K, committed 47360K, reserved 1114112K
  class space    used 4582K, committed 5120K, reserved 1048576K
}
Event: 150.514 GC heap before
{Heap before GC invocations=30 (full 2):
 PSYoungGen      total 20480K, used 20184K [0x00000000d5580000, 0x00000000d6b00000, 0x0000000100000000)
  eden space 18944K, 100% used [0x00000000d5580000,0x00000000d6800000,0x00000000d6800000)
  from space 1536K, 80% used [0x00000000d6900000,0x00000000d6a36398,0x00000000d6a80000)
  to   space 512K, 0% used [0x00000000d6a80000,0x00000000d6a80000,0x00000000d6b00000)
 ParOldGen       total 68608K, used 37185K [0x0000000080000000, 0x0000000084300000, 0x00000000d5580000)
  object space 68608K, 54% used [0x0000000080000000,0x00000000824504b0,0x0000000084300000)
 Metaspace       used 47785K, committed 49024K, reserved 1114112K
  class space    used 4791K, committed 5376K, reserved 1048576K
}
Event: 150.521 GC heap after
{Heap after GC invocations=30 (full 2):
 PSYoungGen      total 19456K, used 480K [0x00000000d5580000, 0x00000000d6c00000, 0x0000000100000000)
  eden space 18944K, 0% used [0x00000000d5580000,0x00000000d5580000,0x00000000d6800000)
  from space 512K, 93% used [0x00000000d6a80000,0x00000000d6af8040,0x00000000d6b00000)
  to   space 2048K, 0% used [0x00000000d6800000,0x00000000d6800000,0x00000000d6a00000)
 ParOldGen       total 68608K, used 38518K [0x0000000080000000, 0x0000000084300000, 0x00000000d5580000)
  object space 68608K, 56% used [0x0000000080000000,0x000000008259dae0,0x0000000084300000)
 Metaspace       used 47785K, committed 49024K, reserved 1114112K
  class space    used 4791K, committed 5376K, reserved 1048576K
}
Event: 155.942 GC heap before
{Heap before GC invocations=31 (full 2):
 PSYoungGen      total 19456K, used 19424K [0x00000000d5580000, 0x00000000d6c00000, 0x0000000100000000)
  eden space 18944K, 100% used [0x00000000d5580000,0x00000000d6800000,0x00000000d6800000)
  from space 512K, 93% used [0x00000000d6a80000,0x00000000d6af8040,0x00000000d6b00000)
  to   space 2048K, 0% used [0x00000000d6800000,0x00000000d6800000,0x00000000d6a00000)
 ParOldGen       total 68608K, used 38518K [0x0000000080000000, 0x0000000084300000, 0x00000000d5580000)
  object space 68608K, 56% used [0x0000000080000000,0x000000008259dae0,0x0000000084300000)
 Metaspace       used 47974K, committed 49216K, reserved 1114112K
  class space    used 4801K, committed 5376K, reserved 1048576K
}
Event: 155.949 GC heap after
{Heap after GC invocations=31 (full 2):
 PSYoungGen      total 20992K, used 2040K [0x00000000d5580000, 0x00000000d6e00000, 0x0000000100000000)
  eden space 18944K, 0% used [0x00000000d5580000,0x00000000d5580000,0x00000000d6800000)
  from space 2048K, 99% used [0x00000000d6800000,0x00000000d69fe010,0x00000000d6a00000)
  to   space 3072K, 0% used [0x00000000d6b00000,0x00000000d6b00000,0x00000000d6e00000)
 ParOldGen       total 68608K, used 39311K [0x0000000080000000, 0x0000000084300000, 0x00000000d5580000)
  object space 68608K, 57% used [0x0000000080000000,0x0000000082663ea0,0x0000000084300000)
 Metaspace       used 47974K, committed 49216K, reserved 1114112K
  class space    used 4801K, committed 5376K, reserved 1048576K
}
Event: 183.434 GC heap before
{Heap before GC invocations=32 (full 2):
 PSYoungGen      total 20992K, used 20984K [0x00000000d5580000, 0x00000000d6e00000, 0x0000000100000000)
  eden space 18944K, 100% used [0x00000000d5580000,0x00000000d6800000,0x00000000d6800000)
  from space 2048K, 99% used [0x00000000d6800000,0x00000000d69fe010,0x00000000d6a00000)
  to   space 3072K, 0% used [0x00000000d6b00000,0x00000000d6b00000,0x00000000d6e00000)
 ParOldGen       total 68608K, used 39311K [0x0000000080000000, 0x0000000084300000, 0x00000000d5580000)
  object space 68608K, 57% used [0x0000000080000000,0x0000000082663ea0,0x0000000084300000)
 Metaspace       used 48115K, committed 49280K, reserved 1114112K
  class space    used 4804K, committed 5376K, reserved 1048576K
}
Event: 183.453 GC heap after
{Heap after GC invocations=32 (full 2):
 PSYoungGen      total 19968K, used 672K [0x00000000d5580000, 0x00000000d6c00000, 0x0000000100000000)
  eden space 18944K, 0% used [0x00000000d5580000,0x00000000d5580000,0x00000000d6800000)
  from space 1024K, 65% used [0x00000000d6b00000,0x00000000d6ba8020,0x00000000d6c00000)
  to   space 1536K, 0% used [0x00000000d6900000,0x00000000d6900000,0x00000000d6a80000)
 ParOldGen       total 68608K, used 41336K [0x0000000080000000, 0x0000000084300000, 0x00000000d5580000)
  object space 68608K, 60% used [0x0000000080000000,0x000000008285e280,0x0000000084300000)
 Metaspace       used 48115K, committed 49280K, reserved 1114112K
  class space    used 4804K, committed 5376K, reserved 1048576K
}
Event: 192.383 GC heap before
{Heap before GC invocations=33 (full 2):
 PSYoungGen      total 19968K, used 19616K [0x00000000d5580000, 0x00000000d6c00000, 0x0000000100000000)
  eden space 18944K, 100% used [0x00000000d5580000,0x00000000d6800000,0x00000000d6800000)
  from space 1024K, 65% used [0x00000000d6b00000,0x00000000d6ba8020,0x00000000d6c00000)
  to   space 1536K, 0% used [0x00000000d6900000,0x00000000d6900000,0x00000000d6a80000)
 ParOldGen       total 68608K, used 41336K [0x0000000080000000, 0x0000000084300000, 0x00000000d5580000)
  object space 68608K, 60% used [0x0000000080000000,0x000000008285e280,0x0000000084300000)
 Metaspace       used 48546K, committed 49664K, reserved 1114112K
  class space    used 4833K, committed 5376K, reserved 1048576K
}
Event: 192.387 GC heap after
{Heap after GC invocations=33 (full 2):
 PSYoungGen      total 19968K, used 960K [0x00000000d5580000, 0x00000000d6b80000, 0x0000000100000000)
  eden space 18944K, 0% used [0x00000000d5580000,0x00000000d5580000,0x00000000d6800000)
  from space 1024K, 93% used [0x00000000d6900000,0x00000000d69f0020,0x00000000d6a00000)
  to   space 1536K, 0% used [0x00000000d6a00000,0x00000000d6a00000,0x00000000d6b80000)
 ParOldGen       total 68608K, used 41567K [0x0000000080000000, 0x0000000084300000, 0x00000000d5580000)
  object space 68608K, 60% used [0x0000000080000000,0x0000000082897ca8,0x0000000084300000)
 Metaspace       used 48546K, committed 49664K, reserved 1114112K
  class space    used 4833K, committed 5376K, reserved 1048576K
}
Event: 193.146 GC heap before
{Heap before GC invocations=34 (full 2):
 PSYoungGen      total 19968K, used 19904K [0x00000000d5580000, 0x00000000d6b80000, 0x0000000100000000)
  eden space 18944K, 100% used [0x00000000d5580000,0x00000000d6800000,0x00000000d6800000)
  from space 1024K, 93% used [0x00000000d6900000,0x00000000d69f0020,0x00000000d6a00000)
  to   space 1536K, 0% used [0x00000000d6a00000,0x00000000d6a00000,0x00000000d6b80000)
 ParOldGen       total 68608K, used 41567K [0x0000000080000000, 0x0000000084300000, 0x00000000d5580000)
  object space 68608K, 60% used [0x0000000080000000,0x0000000082897ca8,0x0000000084300000)
 Metaspace       used 48710K, committed 49920K, reserved 1114112K
  class space    used 4836K, committed 5376K, reserved 1048576K
}
Event: 193.149 GC heap after
{Heap after GC invocations=34 (full 2):
 PSYoungGen      total 17920K, used 1530K [0x00000000d5580000, 0x00000000d7100000, 0x0000000100000000)
  eden space 16384K, 0% used [0x00000000d5580000,0x00000000d5580000,0x00000000d6580000)
  from space 1536K, 99% used [0x00000000d6a00000,0x00000000d6b7e918,0x00000000d6b80000)
  to   space 4608K, 0% used [0x00000000d6580000,0x00000000d6580000,0x00000000d6a00000)
 ParOldGen       total 68608K, used 43875K [0x0000000080000000, 0x0000000084300000, 0x00000000d5580000)
  object space 68608K, 63% used [0x0000000080000000,0x0000000082ad8cf0,0x0000000084300000)
 Metaspace       used 48710K, committed 49920K, reserved 1114112K
  class space    used 4836K, committed 5376K, reserved 1048576K
}
Event: 195.169 GC heap before
{Heap before GC invocations=35 (full 2):
 PSYoungGen      total 17920K, used 17914K [0x00000000d5580000, 0x00000000d7100000, 0x0000000100000000)
  eden space 16384K, 100% used [0x00000000d5580000,0x00000000d6580000,0x00000000d6580000)
  from space 1536K, 99% used [0x00000000d6a00000,0x00000000d6b7e918,0x00000000d6b80000)
  to   space 4608K, 0% used [0x00000000d6580000,0x00000000d6580000,0x00000000d6a00000)
 ParOldGen       total 68608K, used 43875K [0x0000000080000000, 0x0000000084300000, 0x00000000d5580000)
  object space 68608K, 63% used [0x0000000080000000,0x0000000082ad8cf0,0x0000000084300000)
 Metaspace       used 48834K, committed 49984K, reserved 1114112K
  class space    used 4840K, committed 5376K, reserved 1048576K
}
Event: 195.174 GC heap after
{Heap after GC invocations=35 (full 2):
 PSYoungGen      total 18432K, used 1552K [0x00000000d5580000, 0x00000000d6a80000, 0x0000000100000000)
  eden space 16384K, 0% used [0x00000000d5580000,0x00000000d5580000,0x00000000d6580000)
  from space 2048K, 75% used [0x00000000d6580000,0x00000000d6704010,0x00000000d6780000)
  to   space 2560K, 0% used [0x00000000d6800000,0x00000000d6800000,0x00000000d6a80000)
 ParOldGen       total 68608K, used 45097K [0x0000000080000000, 0x0000000084300000, 0x00000000d5580000)
  object space 68608K, 65% used [0x0000000080000000,0x0000000082c0a760,0x0000000084300000)
 Metaspace       used 48834K, committed 49984K, reserved 1114112K
  class space    used 4840K, committed 5376K, reserved 1048576K
}
Event: 195.864 GC heap before
{Heap before GC invocations=36 (full 2):
 PSYoungGen      total 18432K, used 17936K [0x00000000d5580000, 0x00000000d6a80000, 0x0000000100000000)
  eden space 16384K, 100% used [0x00000000d5580000,0x00000000d6580000,0x00000000d6580000)
  from space 2048K, 75% used [0x00000000d6580000,0x00000000d6704010,0x00000000d6780000)
  to   space 2560K, 0% used [0x00000000d6800000,0x00000000d6800000,0x00000000d6a80000)
 ParOldGen       total 68608K, used 45097K [0x0000000080000000, 0x0000000084300000, 0x00000000d5580000)
  object space 68608K, 65% used [0x0000000080000000,0x0000000082c0a760,0x0000000084300000)
 Metaspace       used 48919K, committed 50112K, reserved 1114112K
  class space    used 4840K, committed 5376K, reserved 1048576K
}
Event: 195.867 GC heap after
{Heap after GC invocations=36 (full 2):
 PSYoungGen      total 18432K, used 1664K [0x00000000d5580000, 0x00000000d6a00000, 0x0000000100000000)
  eden space 16384K, 0% used [0x00000000d5580000,0x00000000d5580000,0x00000000d6580000)
  from space 2048K, 81% used [0x00000000d6800000,0x00000000d69a0000,0x00000000d6a00000)
  to   space 2048K, 0% used [0x00000000d6580000,0x00000000d6580000,0x00000000d6780000)
 ParOldGen       total 68608K, used 46534K [0x0000000080000000, 0x0000000084300000, 0x00000000d5580000)
  object space 68608K, 67% used [0x0000000080000000,0x0000000082d71878,0x0000000084300000)
 Metaspace       used 48919K, committed 50112K, reserved 1114112K
  class space    used 4840K, committed 5376K, reserved 1048576K
}
Event: 196.638 GC heap before
{Heap before GC invocations=37 (full 2):
 PSYoungGen      total 18432K, used 18048K [0x00000000d5580000, 0x00000000d6a00000, 0x0000000100000000)
  eden space 16384K, 100% used [0x00000000d5580000,0x00000000d6580000,0x00000000d6580000)
  from space 2048K, 81% used [0x00000000d6800000,0x00000000d69a0000,0x00000000d6a00000)
  to   space 2048K, 0% used [0x00000000d6580000,0x00000000d6580000,0x00000000d6780000)
 ParOldGen       total 68608K, used 46534K [0x0000000080000000, 0x0000000084300000, 0x00000000d5580000)
  object space 68608K, 67% used [0x0000000080000000,0x0000000082d71878,0x0000000084300000)
 Metaspace       used 49104K, committed 50304K, reserved 1114112K
  class space    used 4852K, committed 5440K, reserved 1048576K
}
Event: 196.654 GC heap after
{Heap after GC invocations=37 (full 2):
 PSYoungGen      total 18432K, used 1872K [0x00000000d5580000, 0x00000000d6980000, 0x0000000100000000)
  eden space 16384K, 0% used [0x00000000d5580000,0x00000000d5580000,0x00000000d6580000)
  from space 2048K, 91% used [0x00000000d6580000,0x00000000d6754030,0x00000000d6780000)
  to   space 2048K, 0% used [0x00000000d6780000,0x00000000d6780000,0x00000000d6980000)
 ParOldGen       total 68608K, used 47966K [0x0000000080000000, 0x0000000084300000, 0x00000000d5580000)
  object space 68608K, 69% used [0x0000000080000000,0x0000000082ed7878,0x0000000084300000)
 Metaspace       used 49104K, committed 50304K, reserved 1114112K
  class space    used 4852K, committed 5440K, reserved 1048576K
}

