# JRE version: OpenJDK Runtime Environment Temurin-21.0.12.1+1 (21.0.12.1+1) (build 21.0.12.1+1-LTS)
# Java VM: OpenJDK 64-Bit Server VM Temurin-21.0.12.1+1 (21.0.12.1+1-LTS, mixed mode, sharing, tiered, compressed oops, compressed class ptrs, parallel gc, windows-amd64)
GC Precious Log:
 CardTable entry size: 512
 CPUs: 8 total, 8 available
 Memory: 16075M
 Large Page Support: Disabled
 NUMA Support: Disabled
 Compressed Oops: Enabled (32-bit)
 Alignments: Space 512K, Generation 512K, Heap 2M
 Heap Min Capacity: 100M
 Heap Initial Capacity: 100M
 Heap Max Capacity: 2G
 Pre-touch: Disabled
 Parallel Workers: 8
Heap:
 PSYoungGen      total 19968K, used 13537K [0x00000000d5580000, 0x00000000d7180000, 0x0000000100000000)
  eden space 13312K, 97% used [0x00000000d5580000,0x00000000d6221e30,0x00000000d6280000)
  from space 6656K, 9% used [0x00000000d6680000,0x00000000d6716920,0x00000000d6d00000)
  to   space 2048K, 0% used [0x00000000d6f80000,0x00000000d6f80000,0x00000000d7180000)
 ParOldGen       total 143360K, used 143216K [0x0000000080000000, 0x0000000088c00000, 0x00000000d5580000)
  object space 143360K, 99% used [0x0000000080000000,0x0000000088bdc2f0,0x0000000088c00000)
 Metaspace       used 83117K, committed 84672K, reserved 1179648K
  class space    used 9338K, committed 9984K, reserved 1048576K
GC Heap History (20 events):
Event: 162.543 GC heap before
{Heap before GC invocations=99 (full 3):
 PSYoungGen      total 19456K, used 19012K [0x00000000d5580000, 0x00000000d6c00000, 0x0000000100000000)
  eden space 16896K, 100% used [0x00000000d5580000,0x00000000d6600000,0x00000000d6600000)
  from space 2560K, 82% used [0x00000000d6600000,0x00000000d6811230,0x00000000d6880000)
  to   space 3072K, 0% used [0x00000000d6900000,0x00000000d6900000,0x00000000d6c00000)
 ParOldGen       total 94208K, used 94206K [0x0000000080000000, 0x0000000085c00000, 0x00000000d5580000)
  object space 94208K, 99% used [0x0000000080000000,0x0000000085bffa10,0x0000000085c00000)
 Metaspace       used 82340K, committed 83840K, reserved 1179648K
  class space    used 9305K, committed 9920K, reserved 1048576K
}
Event: 162.604 GC heap after
{Heap after GC invocations=99 (full 3):
 PSYoungGen      total 16384K, used 3071K [0x00000000d5580000, 0x00000000d7300000, 0x0000000100000000)
  eden space 13312K, 0% used [0x00000000d5580000,0x00000000d5580000,0x00000000d6280000)
  from space 3072K, 99% used [0x00000000d6900000,0x00000000d6bffd40,0x00000000d6c00000)
  to   space 6656K, 0% used [0x00000000d6280000,0x00000000d6280000,0x00000000d6900000)
 ParOldGen       total 97280K, used 97106K [0x0000000080000000, 0x0000000085f00000, 0x00000000d5580000)
  object space 97280K, 99% used [0x0000000080000000,0x0000000085ed4a60,0x0000000085f00000)
 Metaspace       used 82340K, committed 83840K, reserved 1179648K
  class space    used 9305K, committed 9920K, reserved 1048576K
}
Event: 169.540 GC heap before
{Heap before GC invocations=100 (full 3):
 PSYoungGen      total 16384K, used 16383K [0x00000000d5580000, 0x00000000d7300000, 0x0000000100000000)
  eden space 13312K, 100% used [0x00000000d5580000,0x00000000d6280000,0x00000000d6280000)
  from space 3072K, 99% used [0x00000000d6900000,0x00000000d6bffd40,0x00000000d6c00000)
  to   space 6656K, 0% used [0x00000000d6280000,0x00000000d6280000,0x00000000d6900000)
 ParOldGen       total 97280K, used 97106K [0x0000000080000000, 0x0000000085f00000, 0x00000000d5580000)
  object space 97280K, 99% used [0x0000000080000000,0x0000000085ed4a60,0x0000000085f00000)
 Metaspace       used 82346K, committed 83840K, reserved 1179648K
  class space    used 9305K, committed 9920K, reserved 1048576K
}
Event: 169.632 GC heap after
{Heap after GC invocations=100 (full 3):
 PSYoungGen      total 19968K, used 6628K [0x00000000d5580000, 0x00000000d8280000, 0x0000000100000000)
  eden space 13312K, 0% used [0x00000000d5580000,0x00000000d5580000,0x00000000d6280000)
  from space 6656K, 99% used [0x00000000d6280000,0x00000000d68f9000,0x00000000d6900000)
  to   space 16384K, 0% used [0x00000000d7280000,0x00000000d7280000,0x00000000d8280000)
 ParOldGen       total 105472K, used 105081K [0x0000000080000000, 0x0000000086700000, 0x00000000d5580000)
  object space 105472K, 99% used [0x0000000080000000,0x000000008669e7b0,0x0000000086700000)
 Metaspace       used 82346K, committed 83840K, reserved 1179648K
  class space    used 9305K, committed 9920K, reserved 1048576K
}
Event: 173.166 GC heap before
{Heap before GC invocations=101 (full 3):
 PSYoungGen      total 19968K, used 19940K [0x00000000d5580000, 0x00000000d8280000, 0x0000000100000000)
  eden space 13312K, 100% used [0x00000000d5580000,0x00000000d6280000,0x00000000d6280000)
  from space 6656K, 99% used [0x00000000d6280000,0x00000000d68f9000,0x00000000d6900000)
  to   space 16384K, 0% used [0x00000000d7280000,0x00000000d7280000,0x00000000d8280000)
 ParOldGen       total 105472K, used 105081K [0x0000000080000000, 0x0000000086700000, 0x00000000d5580000)
  object space 105472K, 99% used [0x0000000080000000,0x000000008669e7b0,0x0000000086700000)
 Metaspace       used 82388K, committed 83840K, reserved 1179648K
  class space    used 9307K, committed 9920K, reserved 1048576K
}
Event: 173.177 GC heap after
{Heap after GC invocations=101 (full 3):
 PSYoungGen      total 20480K, used 6975K [0x00000000d5580000, 0x00000000d7980000, 0x0000000100000000)
  eden space 13312K, 0% used [0x00000000d5580000,0x00000000d5580000,0x00000000d6280000)
  from space 7168K, 97% used [0x00000000d7280000,0x00000000d794fe60,0x00000000d7980000)
  to   space 9728K, 0% used [0x00000000d6680000,0x00000000d6680000,0x00000000d7000000)
 ParOldGen       total 112128K, used 111717K [0x0000000080000000, 0x0000000086d80000, 0x00000000d5580000)
  object space 112128K, 99% used [0x0000000080000000,0x0000000086d197b0,0x0000000086d80000)
 Metaspace       used 82388K, committed 83840K, reserved 1179648K
  class space    used 9307K, committed 9920K, reserved 1048576K
}
Event: 181.897 GC heap before
{Heap before GC invocations=102 (full 3):
 PSYoungGen      total 20480K, used 20287K [0x00000000d5580000, 0x00000000d7980000, 0x0000000100000000)
  eden space 13312K, 99% used [0x00000000d5580000,0x00000000d627ffc8,0x00000000d6280000)
  from space 7168K, 97% used [0x00000000d7280000,0x00000000d794fe60,0x00000000d7980000)
  to   space 9728K, 0% used [0x00000000d6680000,0x00000000d6680000,0x00000000d7000000)
 ParOldGen       total 112128K, used 111717K [0x0000000080000000, 0x0000000086d80000, 0x00000000d5580000)
  object space 112128K, 99% used [0x0000000080000000,0x0000000086d197b0,0x0000000086d80000)
 Metaspace       used 82454K, committed 83968K, reserved 1179648K
  class space    used 9308K, committed 9984K, reserved 1048576K
}
Event: 181.904 GC heap after
{Heap after GC invocations=102 (full 3):
 PSYoungGen      total 17408K, used 4073K [0x00000000d5580000, 0x00000000d7300000, 0x0000000100000000)
  eden space 13312K, 0% used [0x00000000d5580000,0x00000000d5580000,0x00000000d6280000)
  from space 4096K, 99% used [0x00000000d6680000,0x00000000d6a7a400,0x00000000d6a80000)
  to   space 5632K, 0% used [0x00000000d6d80000,0x00000000d6d80000,0x00000000d7300000)
 ParOldGen       total 118784K, used 118589K [0x0000000080000000, 0x0000000087400000, 0x00000000d5580000)
  object space 118784K, 99% used [0x0000000080000000,0x00000000873cf620,0x0000000087400000)
 Metaspace       used 82454K, committed 83968K, reserved 1179648K
  class space    used 9308K, committed 9984K, reserved 1048576K
}
Event: 186.346 GC heap before
{Heap before GC invocations=103 (full 3):
 PSYoungGen      total 17408K, used 17385K [0x00000000d5580000, 0x00000000d7300000, 0x0000000100000000)
  eden space 13312K, 100% used [0x00000000d5580000,0x00000000d6280000,0x00000000d6280000)
  from space 4096K, 99% used [0x00000000d6680000,0x00000000d6a7a400,0x00000000d6a80000)
  to   space 5632K, 0% used [0x00000000d6d80000,0x00000000d6d80000,0x00000000d7300000)
 ParOldGen       total 118784K, used 118589K [0x0000000080000000, 0x0000000087400000, 0x00000000d5580000)
  object space 118784K, 99% used [0x0000000080000000,0x00000000873cf620,0x0000000087400000)
 Metaspace       used 82563K, committed 84160K, reserved 1179648K
  class space    used 9315K, committed 9984K, reserved 1048576K
}
Event: 186.412 GC heap after
{Heap after GC invocations=103 (full 3):
 PSYoungGen      total 14336K, used 842K [0x00000000d5580000, 0x00000000d6e80000, 0x0000000100000000)
  eden space 13312K, 0% used [0x00000000d5580000,0x00000000d5580000,0x00000000d6280000)
  from space 1024K, 82% used [0x00000000d6d80000,0x00000000d6e52910,0x00000000d6e80000)
  to   space 2560K, 0% used [0x00000000d6980000,0x00000000d6980000,0x00000000d6c00000)
 ParOldGen       total 122880K, used 122514K [0x0000000080000000, 0x0000000087800000, 0x00000000d5580000)
  object space 122880K, 99% used [0x0000000080000000,0x00000000877a4830,0x0000000087800000)
 Metaspace       used 82563K, committed 84160K, reserved 1179648K
  class space    used 9315K, committed 9984K, reserved 1048576K
}
Event: 188.419 GC heap before
{Heap before GC invocations=104 (full 3):
 PSYoungGen      total 14336K, used 14154K [0x00000000d5580000, 0x00000000d6e80000, 0x0000000100000000)
  eden space 13312K, 100% used [0x00000000d5580000,0x00000000d6280000,0x00000000d6280000)
  from space 1024K, 82% used [0x00000000d6d80000,0x00000000d6e52910,0x00000000d6e80000)
  to   space 2560K, 0% used [0x00000000d6980000,0x00000000d6980000,0x00000000d6c00000)
 ParOldGen       total 122880K, used 122514K [0x0000000080000000, 0x0000000087800000, 0x00000000d5580000)
  object space 122880K, 99% used [0x0000000080000000,0x00000000877a4830,0x0000000087800000)
 Metaspace       used 82610K, committed 84160K, reserved 1179648K
  class space    used 9317K, committed 9984K, reserved 1048576K
}
Event: 188.622 GC heap after
{Heap after GC invocations=104 (full 3):
 PSYoungGen      total 15872K, used 2555K [0x00000000d5580000, 0x00000000d7e80000, 0x0000000100000000)
  eden space 13312K, 0% used [0x00000000d5580000,0x00000000d5580000,0x00000000d6280000)
  from space 2560K, 99% used [0x00000000d6980000,0x00000000d6bfede8,0x00000000d6c00000)
  to   space 14336K, 0% used [0x00000000d7080000,0x00000000d7080000,0x00000000d7e80000)
 ParOldGen       total 132096K, used 132030K [0x0000000080000000, 0x0000000088100000, 0x00000000d5580000)
  object space 132096K, 99% used [0x0000000080000000,0x00000000880efa60,0x0000000088100000)
 Metaspace       used 82610K, committed 84160K, reserved 1179648K
  class space    used 9317K, committed 9984K, reserved 1048576K
}
Event: 190.233 GC heap before
{Heap before GC invocations=105 (full 3):
 PSYoungGen      total 15872K, used 15766K [0x00000000d5580000, 0x00000000d7e80000, 0x0000000100000000)
  eden space 13312K, 99% used [0x00000000d5580000,0x00000000d6266a80,0x00000000d6280000)
  from space 2560K, 99% used [0x00000000d6980000,0x00000000d6bfede8,0x00000000d6c00000)
  to   space 14336K, 0% used [0x00000000d7080000,0x00000000d7080000,0x00000000d7e80000)
 ParOldGen       total 132096K, used 132030K [0x0000000080000000, 0x0000000088100000, 0x00000000d5580000)
  object space 132096K, 99% used [0x0000000080000000,0x00000000880efa60,0x0000000088100000)
 Metaspace       used 82689K, committed 84224K, reserved 1179648K
  class space    used 9321K, committed 9984K, reserved 1048576K
}
Event: 190.237 GC heap after
{Heap after GC invocations=105 (full 3):
 PSYoungGen      total 15872K, used 2049K [0x00000000d5580000, 0x00000000d7300000, 0x0000000100000000)
  eden space 13312K, 0% used [0x00000000d5580000,0x00000000d5580000,0x00000000d6280000)
  from space 2560K, 80% used [0x00000000d7080000,0x00000000d7280400,0x00000000d7300000)
  to   space 6144K, 0% used [0x00000000d6700000,0x00000000d6700000,0x00000000d6d00000)
 ParOldGen       total 132608K, used 132422K [0x0000000080000000, 0x0000000088180000, 0x00000000d5580000)
  object space 132608K, 99% used [0x0000000080000000,0x0000000088151ac8,0x0000000088180000)
 Metaspace       used 82689K, committed 84224K, reserved 1179648K
  class space    used 9321K, committed 9984K, reserved 1048576K
}
Event: 190.434 GC heap before
{Heap before GC invocations=106 (full 3):
 PSYoungGen      total 15872K, used 15361K [0x00000000d5580000, 0x00000000d7300000, 0x0000000100000000)
  eden space 13312K, 100% used [0x00000000d5580000,0x00000000d6280000,0x00000000d6280000)
  from space 2560K, 80% used [0x00000000d7080000,0x00000000d7280400,0x00000000d7300000)
  to   space 6144K, 0% used [0x00000000d6700000,0x00000000d6700000,0x00000000d6d00000)
 ParOldGen       total 132608K, used 132422K [0x0000000080000000, 0x0000000088180000, 0x00000000d5580000)
  object space 132608K, 99% used [0x0000000080000000,0x0000000088151ac8,0x0000000088180000)
 Metaspace       used 82692K, committed 84224K, reserved 1179648K
  class space    used 9321K, committed 9984K, reserved 1048576K
}
Event: 190.441 GC heap after
{Heap after GC invocations=106 (full 3):
 PSYoungGen      total 19456K, used 6120K [0x00000000d5580000, 0x00000000d7f80000, 0x0000000100000000)
  eden space 13312K, 0% used [0x00000000d5580000,0x00000000d5580000,0x00000000d6280000)
  from space 6144K, 99% used [0x00000000d6700000,0x00000000d6cfa340,0x00000000d6d00000)
  to   space 14848K, 0% used [0x00000000d7100000,0x00000000d7100000,0x00000000d7f80000)
 ParOldGen       total 139264K, used 139092K [0x0000000080000000, 0x0000000088800000, 0x00000000d5580000)
  object space 139264K, 99% used [0x0000000080000000,0x00000000887d5060,0x0000000088800000)
 Metaspace       used 82692K, committed 84224K, reserved 1179648K
  class space    used 9321K, committed 9984K, reserved 1048576K
}
Event: 192.522 GC heap before
{Heap before GC invocations=107 (full 3):
 PSYoungGen      total 19456K, used 19432K [0x00000000d5580000, 0x00000000d7f80000, 0x0000000100000000)
  eden space 13312K, 100% used [0x00000000d5580000,0x00000000d6280000,0x00000000d6280000)
  from space 6144K, 99% used [0x00000000d6700000,0x00000000d6cfa340,0x00000000d6d00000)
  to   space 14848K, 0% used [0x00000000d7100000,0x00000000d7100000,0x00000000d7f80000)
 ParOldGen       total 139264K, used 139092K [0x0000000080000000, 0x0000000088800000, 0x00000000d5580000)
  object space 139264K, 99% used [0x0000000080000000,0x00000000887d5060,0x0000000088800000)
 Metaspace       used 82830K, committed 84352K, reserved 1179648K
  class space    used 9327K, committed 9984K, reserved 1048576K
}
Event: 192.538 GC heap after
{Heap after GC invocations=107 (full 3):
 PSYoungGen      total 15872K, used 2468K [0x00000000d5580000, 0x00000000d7380000, 0x0000000100000000)
  eden space 13312K, 0% used [0x00000000d5580000,0x00000000d5580000,0x00000000d6280000)
  from space 2560K, 96% used [0x00000000d7100000,0x00000000d7369270,0x00000000d7380000)
  to   space 6656K, 0% used [0x00000000d6680000,0x00000000d6680000,0x00000000d6d00000)
 ParOldGen       total 141824K, used 141336K [0x0000000080000000, 0x0000000088a80000, 0x00000000d5580000)
  object space 141824K, 99% used [0x0000000080000000,0x0000000088a06260,0x0000000088a80000)
 Metaspace       used 82830K, committed 84352K, reserved 1179648K
  class space    used 9327K, committed 9984K, reserved 1048576K
}
Event: 195.444 GC heap before
{Heap before GC invocations=108 (full 3):
 PSYoungGen      total 15872K, used 15779K [0x00000000d5580000, 0x00000000d7380000, 0x0000000100000000)
  eden space 13312K, 99% used [0x00000000d5580000,0x00000000d627fc68,0x00000000d6280000)
  from space 2560K, 96% used [0x00000000d7100000,0x00000000d7369270,0x00000000d7380000)
  to   space 6656K, 0% used [0x00000000d6680000,0x00000000d6680000,0x00000000d6d00000)
 ParOldGen       total 141824K, used 141336K [0x0000000080000000, 0x0000000088a80000, 0x00000000d5580000)
  object space 141824K, 99% used [0x0000000080000000,0x0000000088a06260,0x0000000088a80000)
 Metaspace       used 83019K, committed 84608K, reserved 1179648K
  class space    used 9337K, committed 9984K, reserved 1048576K
}
Event: 195.449 GC heap after
{Heap after GC invocations=108 (full 3):
 PSYoungGen      total 19968K, used 602K [0x00000000d5580000, 0x00000000d7180000, 0x0000000100000000)
  eden space 13312K, 0% used [0x00000000d5580000,0x00000000d5580000,0x00000000d6280000)
  from space 6656K, 9% used [0x00000000d6680000,0x00000000d6716920,0x00000000d6d00000)
  to   space 2048K, 0% used [0x00000000d6f80000,0x00000000d6f80000,0x00000000d7180000)
 ParOldGen       total 143360K, used 143216K [0x0000000080000000, 0x0000000088c00000, 0x00000000d5580000)
  object space 143360K, 99% used [0x0000000080000000,0x0000000088bdc2f0,0x0000000088c00000)
 Metaspace       used 83019K, committed 84608K, reserved 1179648K
  class space    used 9337K, committed 9984K, reserved 1048576K
}

